Build started 9.7.2015 15:25:22.
     1>Project "C:\Users\PAL15KArttuMA\Desktop\Konks\proj.win32\YourGameTitle.vcxproj" on node 3 (Rebuild target(s)).
     1>ClCompile:
         C:\Program Files (x86)\Microsoft Visual Studio 12.0\VC\bin\CL.exe /c /IC:\Users\PAL15KArttuMA\Desktop\Konks\cocos2d\cocos\2d\..\..\cocos\audio\include /IC:\Users\PAL15KArttuMA\Desktop\Konks\cocos2d\cocos\2d\..\..\external /IC:\Users\PAL15KArttuMA\Desktop\Konks\cocos2d\cocos\2d\..\..\external\chipmunk\include\chipmunk /IC:\Users\PAL15KArttuMA\Desktop\Konks\cocos2d\cocos\2d\..\..\extensions /I..\Classes /I.. /I"C:\Users\PAL15KArttuMA\Desktop\Konks\cocos2d\cocos\2d\..\..\cocos\editor-support" /IC:\Users\PAL15KArttuMA\Desktop\Konks\cocos2d\cocos\2d\..\..\cocos /IC:\Users\PAL15KArttuMA\Desktop\Konks\cocos2d\cocos\2d\..\..\cocos\platform /IC:\Users\PAL15KArttuMA\Desktop\Konks\cocos2d\cocos\2d\..\..\cocos\platform\desktop /IC:\Users\PAL15KArttuMA\Desktop\Konks\cocos2d\cocos\2d\..\..\external\glfw3\include\win32 /I"C:\Users\PAL15KArttuMA\Desktop\Konks\cocos2d\cocos\2d\..\..\external\win32-specific\gles\include\OGLES" /IC:\Users\PAL15KArttuMA\Desktop\Konks\cocos2d\cocos\2d\..\..\external\freetype2\include\win32\freetype2 /IC:\Users\PAL15KArttuMA\Desktop\Konks\cocos2d\cocos\2d\..\..\external\freetype2\include\win32\ /ZI /nologo /W3 /WX- /MP /Od /Oy- /D WIN32 /D _DEBUG /D _WINDOWS /D _USE_MATH_DEFINES /D GL_GLEXT_PROTOTYPES /D CC_ENABLE_CHIPMUNK_INTEGRATION=1 /D COCOS2D_DEBUG=1 /D _CRT_SECURE_NO_WARNINGS /D _SCL_SECURE_NO_WARNINGS /D _VARIADIC_MAX=10 /D _USING_V110_SDK71_ /D _UNICODE /D UNICODE /Gm- /EHsc /RTC1 /MDd /GS /fp:precise /Zc:wchar_t /Zc:forScope /Fo"Debug.win32\\" /Fd"Debug.win32\vc120.pdb" /Gd /TP /wd4267 /wd4251 /wd4244 /analyze- /errorReport:prompt ..\Classes\AppDelegate.cpp ..\Classes\CubeTest.cpp ..\Classes\GameScene.cpp ..\Classes\LevelMenuScene.cpp ..\Classes\MainMenuScene.cpp ..\Classes\Platform.cpp ..\Classes\Player.cpp ..\Classes\Rope.cpp ..\Classes\ScoreScene.cpp ..\Classes\SettingsScene.cpp ..\Classes\SplashScene.cpp ..\Classes\Tile.cpp main.cpp
         AppDelegate.cpp
         CubeTest.cpp
         GameScene.cpp
         LevelMenuScene.cpp
         MainMenuScene.cpp
         Platform.cpp
         Player.cpp
         Rope.cpp
     1>c:\users\pal15karttuma\desktop\konks\classes\cubetest.h(5): warning C4996: 'cocos2d::LabelTTF': was declared deprecated (..\Classes\LevelMenuScene.cpp)
                 c:\users\pal15karttuma\desktop\konks\cocos2d\cocos\2d\cclabelttf.h(67) : see declaration of 'cocos2d::LabelTTF'
     1>c:\users\pal15karttuma\desktop\konks\classes\cubetest.h(10): warning C4996: 'cocos2d::LabelTTF': was declared deprecated (..\Classes\LevelMenuScene.cpp)
                 c:\users\pal15karttuma\desktop\konks\cocos2d\cocos\2d\cclabelttf.h(67) : see declaration of 'cocos2d::LabelTTF'
     1>c:\users\pal15karttuma\desktop\konks\classes\cubetest.h(13): warning C4996: 'cocos2d::LabelTTF': was declared deprecated (..\Classes\LevelMenuScene.cpp)
                 c:\users\pal15karttuma\desktop\konks\cocos2d\cocos\2d\cclabelttf.h(67) : see declaration of 'cocos2d::LabelTTF'
     1>c:\users\pal15karttuma\desktop\konks\classes\cubetest.h(14): warning C4996: 'cocos2d::LabelTTF::~LabelTTF': was declared deprecated (..\Classes\LevelMenuScene.cpp)
                 c:\users\pal15karttuma\desktop\konks\cocos2d\cocos\2d\cclabelttf.h(78) : see declaration of 'cocos2d::LabelTTF::~LabelTTF'
                 c:\users\pal15karttuma\desktop\konks\cocos2d\cocos\2d\cclabelttf.h(78) : see declaration of 'cocos2d::LabelTTF::~LabelTTF'
                 c:\users\pal15karttuma\desktop\konks\cocos2d\cocos\2d\cclabelttf.h(78) : see declaration of 'cocos2d::LabelTTF::~LabelTTF'
     1>c:\users\pal15karttuma\desktop\konks\classes\gamescene.h(49): warning C4996: 'cocos2d::LabelTTF': was declared deprecated (..\Classes\LevelMenuScene.cpp)
                 c:\users\pal15karttuma\desktop\konks\cocos2d\cocos\2d\cclabelttf.h(67) : see declaration of 'cocos2d::LabelTTF'
     1>c:\users\pal15karttuma\desktop\konks\classes\cubetest.h(5): warning C4996: 'cocos2d::LabelTTF': was declared deprecated (..\Classes\GameScene.cpp)
                 c:\users\pal15karttuma\desktop\konks\cocos2d\cocos\2d\cclabelttf.h(67) : see declaration of 'cocos2d::LabelTTF'
     1>c:\users\pal15karttuma\desktop\konks\classes\cubetest.h(10): warning C4996: 'cocos2d::LabelTTF': was declared deprecated (..\Classes\GameScene.cpp)
                 c:\users\pal15karttuma\desktop\konks\cocos2d\cocos\2d\cclabelttf.h(67) : see declaration of 'cocos2d::LabelTTF'
     1>c:\users\pal15karttuma\desktop\konks\classes\cubetest.h(5): warning C4996: 'cocos2d::LabelTTF': was declared deprecated (..\Classes\MainMenuScene.cpp)
                 c:\users\pal15karttuma\desktop\konks\cocos2d\cocos\2d\cclabelttf.h(67) : see declaration of 'cocos2d::LabelTTF'
     1>c:\users\pal15karttuma\desktop\konks\classes\cubetest.h(13): warning C4996: 'cocos2d::LabelTTF': was declared deprecated (..\Classes\GameScene.cpp)
                 c:\users\pal15karttuma\desktop\konks\cocos2d\cocos\2d\cclabelttf.h(67) : see declaration of 'cocos2d::LabelTTF'
     1>c:\users\pal15karttuma\desktop\konks\classes\cubetest.h(10): warning C4996: 'cocos2d::LabelTTF': was declared deprecated (..\Classes\MainMenuScene.cpp)
                 c:\users\pal15karttuma\desktop\konks\cocos2d\cocos\2d\cclabelttf.h(67) : see declaration of 'cocos2d::LabelTTF'
     1>c:\users\pal15karttuma\desktop\konks\classes\cubetest.h(14): warning C4996: 'cocos2d::LabelTTF::~LabelTTF': was declared deprecated (..\Classes\GameScene.cpp)
                 c:\users\pal15karttuma\desktop\konks\cocos2d\cocos\2d\cclabelttf.h(78) : see declaration of 'cocos2d::LabelTTF::~LabelTTF'
     1>c:\users\pal15karttuma\desktop\konks\classes\cubetest.h(13): warning C4996: 'cocos2d::LabelTTF': was declared deprecated (..\Classes\MainMenuScene.cpp)
                 c:\users\pal15karttuma\desktop\konks\cocos2d\cocos\2d\cclabelttf.h(67) : see declaration of 'cocos2d::LabelTTF'
                 c:\users\pal15karttuma\desktop\konks\cocos2d\cocos\2d\cclabelttf.h(78) : see declaration of 'cocos2d::LabelTTF::~LabelTTF'
     1>c:\users\pal15karttuma\desktop\konks\classes\cubetest.h(14): warning C4996: 'cocos2d::LabelTTF::~LabelTTF': was declared deprecated (..\Classes\MainMenuScene.cpp)
                 c:\users\pal15karttuma\desktop\konks\cocos2d\cocos\2d\cclabelttf.h(78) : see declaration of 'cocos2d::LabelTTF::~LabelTTF'
                 c:\users\pal15karttuma\desktop\konks\cocos2d\cocos\2d\cclabelttf.h(78) : see declaration of 'cocos2d::LabelTTF::~LabelTTF'
                 c:\users\pal15karttuma\desktop\konks\cocos2d\cocos\2d\cclabelttf.h(78) : see declaration of 'cocos2d::LabelTTF::~LabelTTF'
                 c:\users\pal15karttuma\desktop\konks\cocos2d\cocos\2d\cclabelttf.h(78) : see declaration of 'cocos2d::LabelTTF::~LabelTTF'
     1>c:\users\pal15karttuma\desktop\konks\classes\gamescene.h(49): warning C4996: 'cocos2d::LabelTTF': was declared deprecated (..\Classes\MainMenuScene.cpp)
                 c:\users\pal15karttuma\desktop\konks\cocos2d\cocos\2d\cclabelttf.h(67) : see declaration of 'cocos2d::LabelTTF'
     1>c:\users\pal15karttuma\desktop\konks\classes\gamescene.h(49): warning C4996: 'cocos2d::LabelTTF': was declared deprecated (..\Classes\GameScene.cpp)
                 c:\users\pal15karttuma\desktop\konks\cocos2d\cocos\2d\cclabelttf.h(67) : see declaration of 'cocos2d::LabelTTF'
     1>c:\users\pal15karttuma\desktop\konks\classes\gamescene.cpp(85): warning C4996: 'cocos2d::LabelTTF::getContentSize': was declared deprecated
                 c:\users\pal15karttuma\desktop\konks\cocos2d\cocos\2d\cclabelttf.h(162) : see declaration of 'cocos2d::LabelTTF::getContentSize'
                 c:\users\pal15karttuma\desktop\konks\cocos2d\cocos\2d\cclabelttf.h(162) : see declaration of 'cocos2d::LabelTTF::getContentSize'
     1>c:\users\pal15karttuma\desktop\konks\classes\gamescene.cpp(120): warning C4305: 'argument' : truncation from 'double' to 'float'
     1>c:\users\pal15karttuma\desktop\konks\classes\gamescene.cpp(125): warning C4305: 'argument' : truncation from 'double' to 'float'
     1>c:\users\pal15karttuma\desktop\konks\classes\gamescene.cpp(127): warning C4996: 'cocos2d::LabelTTF::create': was declared deprecated
                 c:\users\pal15karttuma\desktop\konks\cocos2d\cocos\2d\cclabelttf.h(83) : see declaration of 'cocos2d::LabelTTF::create'
     1>c:\users\pal15karttuma\desktop\konks\classes\gamescene.cpp(133): warning C4996: 'cocos2d::String': was declared deprecated
                 c:\users\pal15karttuma\desktop\konks\cocos2d\cocos\deprecated\ccdeprecated.h(1051) : see declaration of 'cocos2d::String'
                 c:\users\pal15karttuma\desktop\konks\cocos2d\cocos\deprecated\ccdeprecated.h(1051) : see declaration of 'cocos2d::String'
     1>c:\users\pal15karttuma\desktop\konks\classes\gamescene.cpp(134): warning C4996: 'cocos2d::LabelTTF::setString': was declared deprecated
                 c:\users\pal15karttuma\desktop\konks\cocos2d\cocos\2d\cclabelttf.h(129) : see declaration of 'cocos2d::LabelTTF::setString'
                 c:\users\pal15karttuma\desktop\konks\cocos2d\cocos\2d\cclabelttf.h(129) : see declaration of 'cocos2d::LabelTTF::setString'
     1>c:\users\pal15karttuma\desktop\konks\classes\gamescene.cpp(145): warning C4305: '+=' : truncation from 'double' to 'float'
     1>c:\users\pal15karttuma\desktop\konks\classes\gamescene.cpp(154): warning C4996: 'cocos2d::LabelTTF::getContentSize': was declared deprecated
                 c:\users\pal15karttuma\desktop\konks\cocos2d\cocos\2d\cclabelttf.h(162) : see declaration of 'cocos2d::LabelTTF::getContentSize'
                 c:\users\pal15karttuma\desktop\konks\cocos2d\cocos\2d\cclabelttf.h(162) : see declaration of 'cocos2d::LabelTTF::getContentSize'
                 c:\users\pal15karttuma\desktop\konks\cocos2d\cocos\2d\cclabelttf.h(162) : see declaration of 'cocos2d::LabelTTF::getContentSize'
     1>c:\users\pal15karttuma\desktop\konks\classes\gamescene.cpp(155): warning C4996: 'cocos2d::ccc3': was declared deprecated
                 c:\users\pal15karttuma\desktop\konks\cocos2d\cocos\deprecated\ccdeprecated.h(417) : see declaration of 'cocos2d::ccc3'
     1>c:\users\pal15karttuma\desktop\konks\classes\gamescene.cpp(156): warning C4996: 'cocos2d::String': was declared deprecated
                 c:\users\pal15karttuma\desktop\konks\cocos2d\cocos\deprecated\ccdeprecated.h(1051) : see declaration of 'cocos2d::String'
     1>c:\users\pal15karttuma\desktop\konks\classes\gamescene.cpp(158): warning C4996: 'cocos2d::LabelTTF::setString': was declared deprecated
                 c:\users\pal15karttuma\desktop\konks\cocos2d\cocos\2d\cclabelttf.h(129) : see declaration of 'cocos2d::LabelTTF::setString'
                 c:\users\pal15karttuma\desktop\konks\cocos2d\cocos\2d\cclabelttf.h(129) : see declaration of 'cocos2d::LabelTTF::setString'
     1>c:\users\pal15karttuma\desktop\konks\classes\gamescene.cpp(188): warning C4996: 'cocos2d::Node::numberOfRunningActions': was declared deprecated
                 c:\users\pal15karttuma\desktop\konks\cocos2d\cocos\2d\ccnode.h(1251) : see declaration of 'cocos2d::Node::numberOfRunningActions'
     1>c:\users\pal15karttuma\desktop\konks\classes\gamescene.cpp(326): warning C4996: 'cocos2d::ccc3': was declared deprecated
                 c:\users\pal15karttuma\desktop\konks\cocos2d\cocos\deprecated\ccdeprecated.h(417) : see declaration of 'cocos2d::ccc3'
     1>c:\users\pal15karttuma\desktop\konks\classes\gamescene.cpp(329): warning C4305: 'argument' : truncation from 'double' to 'float'
     1>c:\users\pal15karttuma\desktop\konks\classes\gamescene.cpp(359): warning C4996: 'cocos2d::ccpSub': was declared deprecated
                 c:\users\pal15karttuma\desktop\konks\cocos2d\cocos\deprecated\ccdeprecated.h(82) : see declaration of 'cocos2d::ccpSub'
     1>c:\users\pal15karttuma\desktop\konks\classes\gamescene.cpp(360): warning C4996: 'cocos2d::ccpToAngle': was declared deprecated
                 c:\users\pal15karttuma\desktop\konks\cocos2d\cocos\deprecated\ccdeprecated.h(241) : see declaration of 'cocos2d::ccpToAngle'
     1>c:\users\pal15karttuma\desktop\konks\classes\cubetest.h(5): warning C4996: 'cocos2d::LabelTTF': was declared deprecated (..\Classes\CubeTest.cpp)
                 c:\users\pal15karttuma\desktop\konks\cocos2d\cocos\2d\cclabelttf.h(67) : see declaration of 'cocos2d::LabelTTF'
     1>c:\users\pal15karttuma\desktop\konks\classes\cubetest.h(10): warning C4996: 'cocos2d::LabelTTF': was declared deprecated (..\Classes\CubeTest.cpp)
                 c:\users\pal15karttuma\desktop\konks\cocos2d\cocos\2d\cclabelttf.h(67) : see declaration of 'cocos2d::LabelTTF'
     1>c:\users\pal15karttuma\desktop\konks\classes\cubetest.h(13): warning C4996: 'cocos2d::LabelTTF': was declared deprecated (..\Classes\CubeTest.cpp)
                 c:\users\pal15karttuma\desktop\konks\cocos2d\cocos\2d\cclabelttf.h(67) : see declaration of 'cocos2d::LabelTTF'
     1>c:\users\pal15karttuma\desktop\konks\classes\cubetest.h(14): warning C4996: 'cocos2d::LabelTTF::~LabelTTF': was declared deprecated (..\Classes\CubeTest.cpp)
                 c:\users\pal15karttuma\desktop\konks\cocos2d\cocos\2d\cclabelttf.h(78) : see declaration of 'cocos2d::LabelTTF::~LabelTTF'
                 c:\users\pal15karttuma\desktop\konks\cocos2d\cocos\2d\cclabelttf.h(78) : see declaration of 'cocos2d::LabelTTF::~LabelTTF'
                 c:\users\pal15karttuma\desktop\konks\cocos2d\cocos\2d\cclabelttf.h(78) : see declaration of 'cocos2d::LabelTTF::~LabelTTF'
     1>c:\users\pal15karttuma\desktop\konks\classes\cubetest.cpp(6): warning C4996: 'cocos2d::LabelTTF::~LabelTTF': was declared deprecated
                 c:\users\pal15karttuma\desktop\konks\cocos2d\cocos\2d\cclabelttf.h(78) : see declaration of 'cocos2d::LabelTTF::~LabelTTF'
     1>c:\users\pal15karttuma\desktop\konks\classes\cubetest.cpp(6): warning C4996: 'cocos2d::LabelTTF::LabelTTF': was declared deprecated
                 c:\users\pal15karttuma\desktop\konks\cocos2d\cocos\2d\cclabelttf.h(73) : see declaration of 'cocos2d::LabelTTF::LabelTTF'
                 c:\users\pal15karttuma\desktop\konks\cocos2d\cocos\2d\cclabelttf.h(78) : see declaration of 'cocos2d::LabelTTF::~LabelTTF'
     1>c:\users\pal15karttuma\desktop\konks\classes\cubetest.cpp(7): warning C4996: 'cocos2d::LabelTTF::create': was declared deprecated
                 c:\users\pal15karttuma\desktop\konks\cocos2d\cocos\2d\cclabelttf.h(83) : see declaration of 'cocos2d::LabelTTF::create'
     1>c:\users\pal15karttuma\desktop\konks\classes\cubetest.cpp(11): warning C4996: 'cocos2d::LabelTTF::~LabelTTF': was declared deprecated
                 c:\users\pal15karttuma\desktop\konks\cocos2d\cocos\2d\cclabelttf.h(78) : see declaration of 'cocos2d::LabelTTF::~LabelTTF'
                 c:\users\pal15karttuma\desktop\konks\cocos2d\cocos\2d\cclabelttf.h(78) : see declaration of 'cocos2d::LabelTTF::~LabelTTF'
     1>c:\users\pal15karttuma\desktop\konks\classes\cubetest.cpp(14): warning C4996: 'cocos2d::LabelTTF': was declared deprecated
                 c:\users\pal15karttuma\desktop\konks\cocos2d\cocos\2d\cclabelttf.h(67) : see declaration of 'cocos2d::LabelTTF'
         ScoreScene.cpp
         SettingsScene.cpp
         SplashScene.cpp
         Tile.cpp
         main.cpp
     1>c:\users\pal15karttuma\desktop\konks\classes\cubetest.h(5): warning C4996: 'cocos2d::LabelTTF': was declared deprecated (..\Classes\ScoreScene.cpp)
                 c:\users\pal15karttuma\desktop\konks\cocos2d\cocos\2d\cclabelttf.h(67) : see declaration of 'cocos2d::LabelTTF'
     1>c:\users\pal15karttuma\desktop\konks\classes\cubetest.h(10): warning C4996: 'cocos2d::LabelTTF': was declared deprecated (..\Classes\ScoreScene.cpp)
                 c:\users\pal15karttuma\desktop\konks\cocos2d\cocos\2d\cclabelttf.h(67) : see declaration of 'cocos2d::LabelTTF'
     1>c:\users\pal15karttuma\desktop\konks\classes\cubetest.h(13): warning C4996: 'cocos2d::LabelTTF': was declared deprecated (..\Classes\ScoreScene.cpp)
                 c:\users\pal15karttuma\desktop\konks\cocos2d\cocos\2d\cclabelttf.h(67) : see declaration of 'cocos2d::LabelTTF'
     1>c:\users\pal15karttuma\desktop\konks\classes\cubetest.h(14): warning C4996: 'cocos2d::LabelTTF::~LabelTTF': was declared deprecated (..\Classes\ScoreScene.cpp)
                 c:\users\pal15karttuma\desktop\konks\cocos2d\cocos\2d\cclabelttf.h(78) : see declaration of 'cocos2d::LabelTTF::~LabelTTF'
                 c:\users\pal15karttuma\desktop\konks\cocos2d\cocos\2d\cclabelttf.h(78) : see declaration of 'cocos2d::LabelTTF::~LabelTTF'
                 c:\users\pal15karttuma\desktop\konks\cocos2d\cocos\2d\cclabelttf.h(78) : see declaration of 'cocos2d::LabelTTF::~LabelTTF'
     1>c:\users\pal15karttuma\desktop\konks\classes\gamescene.h(49): warning C4996: 'cocos2d::LabelTTF': was declared deprecated (..\Classes\ScoreScene.cpp)
                 c:\users\pal15karttuma\desktop\konks\cocos2d\cocos\2d\cclabelttf.h(67) : see declaration of 'cocos2d::LabelTTF'
     1>c:\users\pal15karttuma\desktop\konks\classes\scorescene.cpp(50): warning C4996: 'cocos2d::LabelTTF::create': was declared deprecated
                 c:\users\pal15karttuma\desktop\konks\cocos2d\cocos\2d\cclabelttf.h(83) : see declaration of 'cocos2d::LabelTTF::create'
     1>c:\users\pal15karttuma\desktop\konks\classes\scorescene.cpp(56): warning C4996: 'cocos2d::String': was declared deprecated
                 c:\users\pal15karttuma\desktop\konks\cocos2d\cocos\deprecated\ccdeprecated.h(1051) : see declaration of 'cocos2d::String'
                 c:\users\pal15karttuma\desktop\konks\cocos2d\cocos\deprecated\ccdeprecated.h(1051) : see declaration of 'cocos2d::String'
     1>c:\users\pal15karttuma\desktop\konks\classes\scorescene.cpp(57): warning C4996: 'cocos2d::LabelTTF::setString': was declared deprecated
                 c:\users\pal15karttuma\desktop\konks\cocos2d\cocos\2d\cclabelttf.h(129) : see declaration of 'cocos2d::LabelTTF::setString'
                 c:\users\pal15karttuma\desktop\konks\cocos2d\cocos\2d\cclabelttf.h(129) : see declaration of 'cocos2d::LabelTTF::setString'
     1>c:\users\pal15karttuma\desktop\konks\classes\scorescene.cpp(62): warning C4996: 'cocos2d::LabelTTF::create': was declared deprecated
                 c:\users\pal15karttuma\desktop\konks\cocos2d\cocos\2d\cclabelttf.h(83) : see declaration of 'cocos2d::LabelTTF::create'
     1>c:\users\pal15karttuma\desktop\konks\classes\scorescene.cpp(67): warning C4996: 'cocos2d::String': was declared deprecated
                 c:\users\pal15karttuma\desktop\konks\cocos2d\cocos\deprecated\ccdeprecated.h(1051) : see declaration of 'cocos2d::String'
     1>c:\users\pal15karttuma\desktop\konks\classes\scorescene.cpp(68): warning C4996: 'cocos2d::LabelTTF::setString': was declared deprecated
                 c:\users\pal15karttuma\desktop\konks\cocos2d\cocos\2d\cclabelttf.h(129) : see declaration of 'cocos2d::LabelTTF::setString'
                 c:\users\pal15karttuma\desktop\konks\cocos2d\cocos\2d\cclabelttf.h(129) : see declaration of 'cocos2d::LabelTTF::setString'
     1>c:\users\pal15karttuma\desktop\konks\classes\tile.cpp(95): warning C4996: 'cocos2d::TMXTiledMap::layerNamed': was declared deprecated
                 c:\users\pal15karttuma\desktop\konks\cocos2d\cocos\2d\cctmxtiledmap.h(142) : see declaration of 'cocos2d::TMXTiledMap::layerNamed'
     1>c:\users\pal15karttuma\desktop\konks\classes\tile.cpp(96): warning C4996: 'cocos2d::TMXTiledMap::layerNamed': was declared deprecated
                 c:\users\pal15karttuma\desktop\konks\cocos2d\cocos\2d\cctmxtiledmap.h(142) : see declaration of 'cocos2d::TMXTiledMap::layerNamed'
       ResourceCompile:
         C:\Program Files (x86)\Microsoft SDKs\Windows\v7.1A\bin\rc.exe /D _USING_V110_SDK71_ /D _UNICODE /D UNICODE /l"0x0409" /nologo /fo"Debug.win32\game.res" game.rc 
       PreLinkEvent:
         if not exist "C:\Users\PAL15KArttuMA\Desktop\Konks\proj.win32\Debug.win32\" mkdir "C:\Users\PAL15KArttuMA\Desktop\Konks\proj.win32\Debug.win32\"
         xcopy /Y /Q "C:\Users\PAL15KArttuMA\Desktop\Konks\cocos2d\cocos\2d\..\..\external\websockets\prebuilt\win32\*.*" "C:\Users\PAL15KArttuMA\Desktop\Konks\proj.win32\Debug.win32\"
         xcopy "C:\Users\PAL15KArttuMA\Desktop\Konks\proj.win32\..\Resources" "C:\Users\PAL15KArttuMA\Desktop\Konks\proj.win32\Debug.win32\" /D /E /I /F /Y
         :VCEnd
         2 File(s) copied
         0 File(s) copied
       Link:
         C:\Program Files (x86)\Microsoft Visual Studio 12.0\VC\bin\link.exe /ERRORREPORT:PROMPT /OUT:"C:\Users\PAL15KArttuMA\Desktop\Konks\proj.win32\Debug.win32\YourGameTitle.exe" /INCREMENTAL /NOLOGO /LIBPATH:C:\Users\PAL15KArttuMA\Desktop\Konks\proj.win32\Debug.win32\ /LIBPATH:C:\Users\PAL15KArttuMA\Desktop\Konks\proj.win32\Debug.win32\ opengl32.lib glew32.lib libzlib.lib libpng.lib libjpeg.lib libtiff.lib libwebp.lib libiconv.lib glfw3.lib freetype250.lib winmm.lib ws2_32.lib libchipmunk.lib libbox2d.lib libSpine.lib kernel32.lib user32.lib gdi32.lib winspool.lib comdlg32.lib advapi32.lib shell32.lib ole32.lib oleaut32.lib uuid.lib odbc32.lib odbccp32.lib /MANIFEST /MANIFESTUAC:"level='asInvoker' uiAccess='false'" /manifest:embed /DEBUG /PDB:"C:\Users\PAL15KArttuMA\Desktop\Konks\proj.win32\Debug.win32\YourGameTitle.pdb" /SUBSYSTEM:WINDOWS,"5.01" /TLBID:1 /DYNAMICBASE /NXCOMPAT /IMPLIB:"C:\Users\PAL15KArttuMA\Desktop\Konks\proj.win32\Debug.win32\YourGameTitle.lib" /MACHINE:X86 /SAFESEH Debug.win32\game.res
         Debug.win32\AppDelegate.obj
         Debug.win32\CubeTest.obj
         Debug.win32\GameScene.obj
         Debug.win32\LevelMenuScene.obj
         Debug.win32\MainMenuScene.obj
         Debug.win32\Platform.obj
         Debug.win32\Player.obj
         Debug.win32\Rope.obj
         Debug.win32\ScoreScene.obj
         Debug.win32\SettingsScene.obj
         Debug.win32\SplashScene.obj
         Debug.win32\Tile.obj
         Debug.win32\main.obj
         C:\Users\PAL15KArttuMA\Desktop\Konks\proj.win32\Debug.win32\libcocos2d.lib
         C:\Users\PAL15KArttuMA\Desktop\Konks\proj.win32\Debug.win32\libSpine.lib
         C:\Users\PAL15KArttuMA\Desktop\Konks\proj.win32\Debug.win32\libbox2d.lib
     1>AppDelegate.obj : warning LNK4075: ignoring '/EDITANDCONTINUE' due to '/SAFESEH' specification
            Creating library C:\Users\PAL15KArttuMA\Desktop\Konks\proj.win32\Debug.win32\YourGameTitle.lib and object C:\Users\PAL15KArttuMA\Desktop\Konks\proj.win32\Debug.win32\YourGameTitle.exp
         YourGameTitle.vcxproj -> C:\Users\PAL15KArttuMA\Desktop\Konks\proj.win32\Debug.win32\YourGameTitle.exe
     1>Done Building Project "C:\Users\PAL15KArttuMA\Desktop\Konks\proj.win32\YourGameTitle.vcxproj" (Rebuild target(s)).

Build succeeded.

Time Elapsed 00:00:15.15
