c:\users\pal15karttuma\desktop\konks\proj.win32\debug.win32\main.obj
c:\users\pal15karttuma\desktop\konks\proj.win32\debug.win32\appdelegate.obj
c:\users\pal15karttuma\desktop\konks\proj.win32\debug.win32\splashscene.obj
c:\users\pal15karttuma\desktop\konks\proj.win32\debug.win32\settingsscene.obj
c:\users\pal15karttuma\desktop\konks\proj.win32\debug.win32\mainmenuscene.obj
c:\users\pal15karttuma\desktop\konks\proj.win32\debug.win32\levelmenuscene.obj
c:\users\pal15karttuma\desktop\konks\proj.win32\debug.win32\tile.obj
c:\users\pal15karttuma\desktop\konks\proj.win32\debug.win32\helloworldscene.obj
c:\users\pal15karttuma\desktop\konks\proj.win32\debug.win32\platform.obj
c:\users\pal15karttuma\desktop\konks\proj.win32\debug.win32\player.obj
c:\users\pal15karttuma\desktop\konks\proj.win32\debug.win32\vc120.pdb
c:\users\pal15karttuma\desktop\konks\proj.win32\debug.win32\rope.obj
c:\users\pal15karttuma\desktop\konks\proj.win32\debug.win32\cubetest.obj
c:\users\pal15karttuma\desktop\konks\proj.win32\debug.win32\vc120.idb
c:\users\pal15karttuma\desktop\konks\proj.win32\debug.win32\gamescene.obj
c:\users\pal15karttuma\desktop\konks\proj.win32\debug.win32\scorescene.obj
c:\users\pal15karttuma\desktop\konks\proj.win32\debug.win32\yourgametitle.ilk
c:\users\pal15karttuma\desktop\konks\proj.win32\debug.win32\yourgametitle.exe
c:\users\pal15karttuma\desktop\konks\proj.win32\debug.win32\yourgametitle.pdb
c:\users\pal15karttuma\desktop\konks\proj.win32\debug.win32\game.res
c:\users\pal15karttuma\desktop\konks\proj.win32\debug.win32\yourgametitle.lib
c:\users\pal15karttuma\desktop\konks\proj.win32\debug.win32\yourgametitle.exp
c:\users\pal15karttuma\desktop\konks\proj.win32\debug.win32\libcocos2d.exp
c:\users\pal15karttuma\desktop\konks\proj.win32\debug.win32\libcocos2d.pdb
c:\users\pal15karttuma\desktop\konks\proj.win32\debug.win32\yourgametitle.tlog\cl.command.1.tlog
c:\users\pal15karttuma\desktop\konks\proj.win32\debug.win32\yourgametitle.tlog\cl.read.1.tlog
c:\users\pal15karttuma\desktop\konks\proj.win32\debug.win32\yourgametitle.tlog\cl.write.1.tlog
c:\users\pal15karttuma\desktop\konks\proj.win32\debug.win32\yourgametitle.tlog\link.command.1.tlog
c:\users\pal15karttuma\desktop\konks\proj.win32\debug.win32\yourgametitle.tlog\link.read.1.tlog
c:\users\pal15karttuma\desktop\konks\proj.win32\debug.win32\yourgametitle.tlog\link.write.1.tlog
c:\users\pal15karttuma\desktop\konks\proj.win32\debug.win32\yourgametitle.tlog\rc.command.1.tlog
c:\users\pal15karttuma\desktop\konks\proj.win32\debug.win32\yourgametitle.tlog\rc.read.1.tlog
c:\users\pal15karttuma\desktop\konks\proj.win32\debug.win32\yourgametitle.tlog\rc.write.1.tlog
c:\users\pal15karttuma\desktop\konks\proj.win32\debug.win32\yourgametitle.tlog\yourgametitle.write.1u.tlog
